<?xml version="1.0" encoding="UTF-8"?>
<testsuite xmlns:xsi="http://www.w3.org/2001/XMLSchema-instance" xsi:noNamespaceSchemaLocation="https://maven.apache.org/surefire/maven-surefire-plugin/xsd/surefire-test-report-3.0.xsd" version="3.0" name="RunnerTest" time="22.992" tests="17" errors="2" skipped="0" failures="0">
  <properties>
[...]
</properties>
  <testcase name="Setting Web Selenium connection for &quot;TARGET_ADMIN_WEB&quot;" classname="Verify Web Portal is launched successfully" time="3.149">
    <system-err><![CDATA[SLF4J: Failed to load class "org.slf4j.impl.StaticLoggerBinder".
SLF4J: Defaulting to no-operation (NOP) logger implementation
SLF4J: See http://www.slf4j.org/codes.html#StaticLoggerBinder for further details.
Starting ChromeDriver 114.0.5735.90 (386bc09e8f4f2e025eddae123f36f6263096ae49-refs/branch-heads/5735[@1{6#901209959824}.2)07 ][oSEnV EpRoEr]:t  bi3n6d(4)4 f3a
ilOend:l yCa nlnootc aaslsi gcn orenqnueestcetd iaodndsre sas r(9e9 )
allowed.
Please see https://chromedriver.chromium.org/security-considerations for suggestions on keeping ChromeDriver safe.
ChromeDriver was started successfully.
[1690299984.511][WARNING]: This version of ChromeDriver has not been tested with Chrome version 115.
Jul 25, 2023 8:46:24 PM org.openqa.selenium.remote.ProtocolHandshake createSession
INFO: Detected upstream dialect: W3C
Jul 25, 2023 8:46:24 PM org.openqa.selenium.devtools.CdpVersionFinder findNearestMatch
WARNING: Unable to find an exact match for CDP version 115, so returning the closest version found: a no-op implementation
Jul 25, 2023 8:46:24 PM org.openqa.selenium.devtools.CdpVersionFinder findNearestMatch
INFO: Unable to find CDP implementation matching 115.
Jul 25, 2023 8:46:24 PM org.openqa.selenium.chromium.ChromiumDriver lambda$new$3
WARNING: Unable to find version of CDP to use for . You may need to include a dependency on a specific version of the CDP using something similar to `org.seleniumhq.selenium:selenium-devtools-v86:4.3.0` where the version ("v86") matches the version of the chromium-based browser you're using and the version number of the artifact is the same as Selenium's.
]]></system-err>
  </testcase>
  <testcase name="[Admin Portal] User enters Email &quot;standard_user&quot;" classname="Verify Web Portal is launched successfully" time="0.094"/>
  <testcase name="[Admin Portal] User enters Password &quot;secret_sauce&quot;" classname="Verify Web Portal is launched successfully" time="0.049"/>
  <testcase name="[Admin Portal] Click on login button" classname="Verify Web Portal is launched successfully" time="0.071"/>
  <testcase name="" classname="Verify Web Portal is launched successfully" time="0.117">
    <system-out><![CDATA[File NOT! found: /home/uzair/WebTest/Reports/environment.properties
]]></system-out>
  </testcase>
  <testcase name="[Admin Portal] User should be able to add item in cart" classname="Verify User should be able To place order successfully" time="0.031"/>
  <testcase name="[Admin Portal] User should be able to visit on checkout screen by click on checkout icon" classname="Verify User should be able To place order successfully" time="0.034"/>
  <testcase name="[Admin Portal] Click on chckout to continue" classname="Verify User should be able To place order successfully" time="0.035"/>
  <testcase name="[Admin Portal] Enter first name as &quot;John&quot;" classname="Verify User should be able To place order successfully" time="0.052"/>
  <testcase name="[Admin Portal] Enter last name as &quot;Smith&quot;" classname="Verify User should be able To place order successfully" time="0.045"/>
  <testcase name="[Admin Portal] Enter postal code as &quot;3493489&quot;" classname="Verify User should be able To place order successfully" time="0.046"/>
  <testcase name="[Admin Portal] Click on continue button to continue ordering" classname="Verify User should be able To place order successfully" time="0.036"/>
  <testcase name="[Admin Portal] Click on finish button to complete ordering" classname="Verify User should be able To place order successfully" time="0.035"/>
  <testcase name="[Admin Portal] Go to side menu" classname="Verify User should be able To place order successfully" time="0.036"/>
  <testcase name="" classname="Verify User should be able To place order successfully" time="0.039"/>
  <testcase name="[Admin Portal] Click on login button" classname="Verify User should be able To logout successfully" time="15.07">
    <error message="no such element: Unable to locate element: {&quot;method&quot;:&quot;css selector&quot;,&quot;selector&quot;:&quot;#login\-button&quot;}&#10;  (Session info: chrome=115.0.5790.102)&#10;For documentation on this error, please visit: https://selenium.dev/exceptions/#no_such_element&#10;Build info: version: &apos;4.3.0&apos;, revision: &apos;a4995e2c09*&apos;&#10;System info: host: &apos;uzair&apos;, ip: &apos;127.0.1.1&apos;, os.name: &apos;Linux&apos;, os.arch: &apos;amd64&apos;, os.version: &apos;5.19.0-46-generic&apos;, java.version: &apos;18.0.2-ea&apos;&#10;Driver info: org.openqa.selenium.chrome.ChromeDriver&#10;Command: [798d0100be0765835ce036f3ad615f28, findElement {using=id, value=login-button}]&#10;Capabilities {acceptInsecureCerts: false, browserName: chrome, browserVersion: 115.0.5790.102, chrome: {chromedriverVersion: 114.0.5735.90 (386bc09e8f4f..., userDataDir: /tmp/.com.google.Chrome.Sjxj2f}, goog:chromeOptions: {debuggerAddress: localhost:37119}, networkConnectionEnabled: false, pageLoadStrategy: normal, platformName: LINUX, proxy: Proxy(), se:cdp: ws://localhost:37119/devtoo..., se:cdpVersion: 115.0.5790.102, setWindowRect: true, strictFileInteractability: false, timeouts: {implicit: 0, pageLoad: 300000, script: 30000}, unhandledPromptBehavior: dismiss and notify, webauthn:extension:credBlob: true, webauthn:extension:largeBlob: true, webauthn:extension:minPinLength: true, webauthn:extension:prf: true, webauthn:virtualAuthenticators: true}&#10;Session ID: 798d0100be0765835ce036f3ad615f28" type="org.openqa.selenium.NoSuchElementException"><![CDATA[org.openqa.selenium.NoSuchElementException: 
no such element: Unable to locate element: {"method":"css selector","selector":"#login\-button"}
  (Session info: chrome=115.0.5790.102)
For documentation on this error, please visit: https://selenium.dev/exceptions/#no_such_element
Build info: version: '4.3.0', revision: 'a4995e2c09*'
System info: host: 'uzair', ip: '127.0.1.1', os.name: 'Linux', os.arch: 'amd64', os.version: '5.19.0-46-generic', java.version: '18.0.2-ea'
Driver info: org.openqa.selenium.chrome.ChromeDriver
Command: [798d0100be0765835ce036f3ad615f28, findElement {using=id, value=login-button}]
Capabilities {acceptInsecureCerts: false, browserName: chrome, browserVersion: 115.0.5790.102, chrome: {chromedriverVersion: 114.0.5735.90 (386bc09e8f4f..., userDataDir: /tmp/.com.google.Chrome.Sjxj2f}, goog:chromeOptions: {debuggerAddress: localhost:37119}, networkConnectionEnabled: false, pageLoadStrategy: normal, platformName: LINUX, proxy: Proxy(), se:cdp: ws://localhost:37119/devtoo..., se:cdpVersion: 115.0.5790.102, setWindowRect: true, strictFileInteractability: false, timeouts: {implicit: 0, pageLoad: 300000, script: 30000}, unhandledPromptBehavior: dismiss and notify, webauthn:extension:credBlob: true, webauthn:extension:largeBlob: true, webauthn:extension:minPinLength: true, webauthn:extension:prf: true, webauthn:virtualAuthenticators: true}
Session ID: 798d0100be0765835ce036f3ad615f28
]]></error>
  </testcase>
  <testcase name="" classname="Verify User should be able To logout successfully" time="15.073">
    <error message="no such element: Unable to locate element: {&quot;method&quot;:&quot;css selector&quot;,&quot;selector&quot;:&quot;#login\-button&quot;}&#10;  (Session info: chrome=115.0.5790.102)&#10;For documentation on this error, please visit: https://selenium.dev/exceptions/#no_such_element&#10;Build info: version: &apos;4.3.0&apos;, revision: &apos;a4995e2c09*&apos;&#10;System info: host: &apos;uzair&apos;, ip: &apos;127.0.1.1&apos;, os.name: &apos;Linux&apos;, os.arch: &apos;amd64&apos;, os.version: &apos;5.19.0-46-generic&apos;, java.version: &apos;18.0.2-ea&apos;&#10;Driver info: org.openqa.selenium.chrome.ChromeDriver&#10;Command: [798d0100be0765835ce036f3ad615f28, findElement {using=id, value=login-button}]&#10;Capabilities {acceptInsecureCerts: false, browserName: chrome, browserVersion: 115.0.5790.102, chrome: {chromedriverVersion: 114.0.5735.90 (386bc09e8f4f..., userDataDir: /tmp/.com.google.Chrome.Sjxj2f}, goog:chromeOptions: {debuggerAddress: localhost:37119}, networkConnectionEnabled: false, pageLoadStrategy: normal, platformName: LINUX, proxy: Proxy(), se:cdp: ws://localhost:37119/devtoo..., se:cdpVersion: 115.0.5790.102, setWindowRect: true, strictFileInteractability: false, timeouts: {implicit: 0, pageLoad: 300000, script: 30000}, unhandledPromptBehavior: dismiss and notify, webauthn:extension:credBlob: true, webauthn:extension:largeBlob: true, webauthn:extension:minPinLength: true, webauthn:extension:prf: true, webauthn:virtualAuthenticators: true}&#10;Session ID: 798d0100be0765835ce036f3ad615f28" type="org.openqa.selenium.NoSuchElementException"><![CDATA[org.openqa.selenium.NoSuchElementException: 
no such element: Unable to locate element: {"method":"css selector","selector":"#login\-button"}
  (Session info: chrome=115.0.5790.102)
For documentation on this error, please visit: https://selenium.dev/exceptions/#no_such_element
Build info: version: '4.3.0', revision: 'a4995e2c09*'
System info: host: 'uzair', ip: '127.0.1.1', os.name: 'Linux', os.arch: 'amd64', os.version: '5.19.0-46-generic', java.version: '18.0.2-ea'
Driver info: org.openqa.selenium.chrome.ChromeDriver
Command: [798d0100be0765835ce036f3ad615f28, findElement {using=id, value=login-button}]
Capabilities {acceptInsecureCerts: false, browserName: chrome, browserVersion: 115.0.5790.102, chrome: {chromedriverVersion: 114.0.5735.90 (386bc09e8f4f..., userDataDir: /tmp/.com.google.Chrome.Sjxj2f}, goog:chromeOptions: {debuggerAddress: localhost:37119}, networkConnectionEnabled: false, pageLoadStrategy: normal, platformName: LINUX, proxy: Proxy(), se:cdp: ws://localhost:37119/devtoo..., se:cdpVersion: 115.0.5790.102, setWindowRect: true, strictFileInteractability: false, timeouts: {implicit: 0, pageLoad: 300000, script: 30000}, unhandledPromptBehavior: dismiss and notify, webauthn:extension:credBlob: true, webauthn:extension:largeBlob: true, webauthn:extension:minPinLength: true, webauthn:extension:prf: true, webauthn:virtualAuthenticators: true}
Session ID: 798d0100be0765835ce036f3ad615f28
]]></error>
  </testcase>
</testsuite>